<?xml version="1.0" encoding="UTF-8"?>
<robot generator="Robot 4.1.3 (Python 3.10.2 on win32)" generated="20220208 13:56:45.939" rpa="false" schemaversion="2">
<suite id="s1" name="testDemo1" source="C:\Users\AAKYURT\PycharmProjects\RobotFrameWork\test\testDemo1.robot">
<test id="s1-t1" name="Validate UnSuccesful Login">
<kw name="open the browser with the url">
<kw name="Driver Manager" library="WebDrivers">
<arg>Chrome</arg>
<arg>https:google.com</arg>
<msg timestamp="20220208 13:56:49.462" level="FAIL">WebDriverException: Message: unknown error: Chrome failed to start: was killed.
  (unknown error: DevToolsActivePort file doesn't exist)
  (The process started from chrome location C:\Users\AAKYURT\PycharmProjects\RobotFrameWork\drivers\chrome.exe is no longer running, so ChromeDriver is assuming that Chrome has crashed.)
Stacktrace:
Backtrace:
	Ordinal0 [0x00C57AC3+2587331]
	Ordinal0 [0x00BEADD1+2141649]
	Ordinal0 [0x00AE3BB8+1063864]
	Ordinal0 [0x00B006E5+1181413]
	Ordinal0 [0x00AFCC51+1166417]
	Ordinal0 [0x00B2D12F+1364271]
	Ordinal0 [0x00B2CD5A+1363290]
	Ordinal0 [0x00B284A6+1344678]
	Ordinal0 [0x00B053F6+1201142]
	Ordinal0 [0x00B062E6+1204966]
	GetHandleVerifier [0x00DFDF22+1680738]
	GetHandleVerifier [0x00EB0DBC+2413564]
	GetHandleVerifier [0x00CED151+563089]
	GetHandleVerifier [0x00CEBF13+558419]
	Ordinal0 [0x00BF081E+2164766]
	Ordinal0 [0x00BF5508+2184456]
	Ordinal0 [0x00BF5650+2184784]
	Ordinal0 [0x00BFF5BC+2225596]
	BaseThreadInitThunk [0x76D9FA29+25]
	RtlGetAppContainerNamedObjectPath [0x76EE7A9E+286]
	RtlGetAppContainerNamedObjectPath [0x76EE7A6E+238]
</msg>
<status status="FAIL" starttime="20220208 13:56:46.360" endtime="20220208 13:56:49.462"/>
</kw>
<status status="FAIL" starttime="20220208 13:56:46.360" endtime="20220208 13:56:49.462"/>
</kw>
<kw name="Close Browser" library="SeleniumLibrary" type="TEARDOWN">
<doc>Closes the current browser.</doc>
<status status="PASS" starttime="20220208 13:56:49.462" endtime="20220208 13:56:49.462"/>
</kw>
<status status="FAIL" starttime="20220208 13:56:46.360" endtime="20220208 13:56:49.468">WebDriverException: Message: unknown error: Chrome failed to start: was killed.
  (unknown error: DevToolsActivePort file doesn't exist)
  (The process started from chrome location C:\Users\AAKYURT\PycharmProjects\RobotFrameWork\drivers\chrome.exe is no longer running, so ChromeDriver is assuming that Chrome has crashed.)
Stacktrace:
Backtrace:
	Ordinal0 [0x00C57AC3+2587331]
	Ordinal0 [0x00BEADD1+2141649]
	Ordinal0 [0x00AE3BB8+1063864]
	Ordinal0 [0x00B006E5+1181413]
	Ordinal0 [0x00AFCC51+1166417]
	Ordinal0 [0x00B2D12F+1364271]
	Ordinal0 [0x00B2CD5A+1363290]
	Ordinal0 [0x00B284A6+1344678]
	Ordinal0 [0x00B053F6+1201142]
	Ordinal0 [0x00B062E6+1204966]
	GetHandleVerifier [0x00DFDF22+1680738]
	GetHandleVerifier [0x00EB0DBC+2413564]
	GetHandleVerifier [0x00CED151+563089]
	GetHandleVerifier [0x00CEBF13+558419]
	Ordinal0 [0x00BF081E+2164766]
	Ordinal0 [0x00BF5508+2184456]
	Ordinal0 [0x00BF5650+2184784]
	Ordinal0 [0x00BFF5BC+2225596]
	BaseThreadInitThunk [0x76D9FA29+25]
	RtlGetAppContainerNamedObjectPath [0x76EE7A9E+286]
	RtlGetAppContainerNamedObjectPath [0x76EE7A6E+238]
</status>
</test>
<doc>To validate the Login form</doc>
<status status="FAIL" starttime="20220208 13:56:45.939" endtime="20220208 13:56:49.468"/>
</suite>
<statistics>
<total>
<stat pass="0" fail="1" skip="0">All Tests</stat>
</total>
<tag>
</tag>
<suite>
<stat pass="0" fail="1" skip="0" id="s1" name="testDemo1">testDemo1</stat>
</suite>
</statistics>
<errors>
</errors>
</robot>
